<?xml version="1.0" encoding="UTF-8"?>
<!-- Generated by org.testng.reporters.JUnitXMLReporter -->
<testsuite ignored="0" hostname="DESKTOP-URC6AQU" failures="0" tests="5" name="Default test" time="119.131" errors="0" timestamp="2023-04-11T00:17:03 IST">
  <testcase classname="testCase.testCase1" name="logintest" time="23.714"/>
  <testcase classname="testCase.testCase1" name="scrollUp" time="0.05"/>
  <testcase classname="testCase.testCase1" name="scrollDown" time="0.054"/>
  <testcase classname="testCase.testCase1" name="myAccount" time="1.983"/>
  <testcase classname="testCase.testCase1" name="getCookies" time="0.015"/>
</testsuite> <!-- Default test -->
