<?xml version="1.0" encoding="UTF-8"?>
<testng-results ignored="0" total="5" passed="5" failed="0" skipped="0">
  <reporter-output>
  </reporter-output>
  <suite started-at="2023-04-11T00:15:04 IST" name="Default suite" finished-at="2023-04-11T00:17:03 IST" duration-ms="119131">
    <groups>
    </groups>
    <test started-at="2023-04-11T00:15:04 IST" name="Default test" finished-at="2023-04-11T00:17:03 IST" duration-ms="119131">
      <class name="testCase.testCase1">
        <test-method is-config="true" signature="BeforeMethod()[pri:0, instance:testCase.testCase1@58695725]" started-at="2023-04-11T00:15:04 IST" name="BeforeMethod" finished-at="2023-04-11T00:16:00 IST" duration-ms="56182" status="PASS">
          <reporter-output>
          </reporter-output>
        </test-method> <!-- BeforeMethod -->
        <test-method signature="logintest()[pri:1, instance:testCase.testCase1@58695725]" started-at="2023-04-11T00:16:00 IST" name="logintest" finished-at="2023-04-11T00:16:24 IST" duration-ms="23714" status="PASS">
          <reporter-output>
          </reporter-output>
        </test-method> <!-- logintest -->
        <test-method is-config="true" signature="afterMethod()[pri:0, instance:testCase.testCase1@58695725]" started-at="2023-04-11T00:16:24 IST" name="afterMethod" finished-at="2023-04-11T00:16:25 IST" duration-ms="929" status="PASS">
          <reporter-output>
          </reporter-output>
        </test-method> <!-- afterMethod -->
        <test-method is-config="true" signature="BeforeMethod()[pri:0, instance:testCase.testCase1@58695725]" started-at="2023-04-11T00:16:25 IST" name="BeforeMethod" finished-at="2023-04-11T00:16:33 IST" duration-ms="8393" status="PASS">
          <reporter-output>
          </reporter-output>
        </test-method> <!-- BeforeMethod -->
        <test-method signature="scrollUp()[pri:2, instance:testCase.testCase1@58695725]" started-at="2023-04-11T00:16:33 IST" name="scrollUp" finished-at="2023-04-11T00:16:34 IST" duration-ms="50" status="PASS">
          <reporter-output>
          </reporter-output>
        </test-method> <!-- scrollUp -->
        <test-method is-config="true" signature="afterMethod()[pri:0, instance:testCase.testCase1@58695725]" started-at="2023-04-11T00:16:34 IST" name="afterMethod" finished-at="2023-04-11T00:16:34 IST" duration-ms="377" status="PASS">
          <reporter-output>
          </reporter-output>
        </test-method> <!-- afterMethod -->
        <test-method is-config="true" signature="BeforeMethod()[pri:0, instance:testCase.testCase1@58695725]" started-at="2023-04-11T00:16:34 IST" name="BeforeMethod" finished-at="2023-04-11T00:16:42 IST" duration-ms="8237" status="PASS">
          <reporter-output>
          </reporter-output>
        </test-method> <!-- BeforeMethod -->
        <test-method signature="scrollDown()[pri:3, instance:testCase.testCase1@58695725]" started-at="2023-04-11T00:16:42 IST" name="scrollDown" finished-at="2023-04-11T00:16:42 IST" duration-ms="54" status="PASS">
          <reporter-output>
          </reporter-output>
        </test-method> <!-- scrollDown -->
        <test-method is-config="true" signature="afterMethod()[pri:0, instance:testCase.testCase1@58695725]" started-at="2023-04-11T00:16:42 IST" name="afterMethod" finished-at="2023-04-11T00:16:43 IST" duration-ms="495" status="PASS">
          <reporter-output>
          </reporter-output>
        </test-method> <!-- afterMethod -->
        <test-method is-config="true" signature="BeforeMethod()[pri:0, instance:testCase.testCase1@58695725]" started-at="2023-04-11T00:16:43 IST" name="BeforeMethod" finished-at="2023-04-11T00:16:52 IST" duration-ms="9008" status="PASS">
          <reporter-output>
          </reporter-output>
        </test-method> <!-- BeforeMethod -->
        <test-method signature="myAccount()[pri:4, instance:testCase.testCase1@58695725]" started-at="2023-04-11T00:16:52 IST" name="myAccount" finished-at="2023-04-11T00:16:54 IST" duration-ms="1983" status="PASS">
          <reporter-output>
          </reporter-output>
        </test-method> <!-- myAccount -->
        <test-method is-config="true" signature="afterMethod()[pri:0, instance:testCase.testCase1@58695725]" started-at="2023-04-11T00:16:54 IST" name="afterMethod" finished-at="2023-04-11T00:16:54 IST" duration-ms="258" status="PASS">
          <reporter-output>
          </reporter-output>
        </test-method> <!-- afterMethod -->
        <test-method is-config="true" signature="BeforeMethod()[pri:0, instance:testCase.testCase1@58695725]" started-at="2023-04-11T00:16:54 IST" name="BeforeMethod" finished-at="2023-04-11T00:17:03 IST" duration-ms="8861" status="PASS">
          <reporter-output>
          </reporter-output>
        </test-method> <!-- BeforeMethod -->
        <test-method signature="getCookies()[pri:5, instance:testCase.testCase1@58695725]" started-at="2023-04-11T00:17:03 IST" name="getCookies" finished-at="2023-04-11T00:17:03 IST" duration-ms="15" status="PASS">
          <reporter-output>
          </reporter-output>
        </test-method> <!-- getCookies -->
        <test-method is-config="true" signature="afterMethod()[pri:0, instance:testCase.testCase1@58695725]" started-at="2023-04-11T00:17:03 IST" name="afterMethod" finished-at="2023-04-11T00:17:03 IST" duration-ms="471" status="PASS">
          <reporter-output>
          </reporter-output>
        </test-method> <!-- afterMethod -->
      </class> <!-- testCase.testCase1 -->
    </test> <!-- Default test -->
  </suite> <!-- Default suite -->
</testng-results>
